Build started 4/27/2013 3:18:35 PM.
     1>Project "D:\My Projects\AMS downloader\AMS downloader\AMS downloader.vcxproj" on node 2 (build target(s)).
     1>InitializeBuildStatus:
         Creating "Debug\AMS downloader.unsuccessfulbuild" because "AlwaysCreate" was specified.
       ClCompile:
         D:\Softwares\Microsoft Visual Studio 10.0\VC\bin\CL.exe /c /ZI /nologo /W3 /WX- /Od /Oy- /D WIN32 /D _DEBUG /D _CONSOLE /D _UNICODE /D UNICODE /Gm /EHsc /RTC1 /MDd /GS /fp:precise /Zc:wchar_t /Zc:forScope /Fo"Debug\\" /Fd"Debug\vc100.pdb" /Gd /TP /analyze- /errorReport:prompt "AMS downloader.cpp"
         AMS downloader.cpp
     1>d:\my projects\ams downloader\ams downloader\ams downloader.cpp(19): warning C4244: 'initializing' : conversion from 'time_t' to 'int', possible loss of data
     1>d:\my projects\ams downloader\ams downloader\ams downloader.cpp(25): warning C4996: 'strcpy': This function or variable may be unsafe. Consider using strcpy_s instead. To disable deprecation, use _CRT_SECURE_NO_WARNINGS. See online help for details.
                 d:\softwares\microsoft visual studio 10.0\vc\include\string.h(105) : see declaration of 'strcpy'
       ManifestResourceCompile:
         All outputs are up-to-date.
       Link:
         D:\Softwares\Microsoft Visual Studio 10.0\VC\bin\link.exe /ERRORREPORT:PROMPT /OUT:"D:\My Projects\AMS downloader\Debug\AMS downloader.exe" /INCREMENTAL /NOLOGO kernel32.lib user32.lib gdi32.lib winspool.lib comdlg32.lib advapi32.lib shell32.lib ole32.lib oleaut32.lib uuid.lib odbc32.lib odbccp32.lib /MANIFEST /ManifestFile:"Debug\AMS downloader.exe.intermediate.manifest" /MANIFESTUAC:"level='asInvoker' uiAccess='false'" /DEBUG /PDB:"D:\My Projects\AMS downloader\Debug\AMS downloader.pdb" /SUBSYSTEM:CONSOLE /TLBID:1 /DYNAMICBASE /NXCOMPAT /IMPLIB:"D:\My Projects\AMS downloader\Debug\AMS downloader.lib" /MACHINE:X86 "Debug\AMS downloader.exe.embed.manifest.res"
         "Debug\AMS downloader.obj"
       Manifest:
         C:\Program Files (x86)\Microsoft SDKs\Windows\v7.0A\bin\mt.exe /nologo /verbose /out:"Debug\AMS downloader.exe.embed.manifest" /manifest "Debug\AMS downloader.exe.intermediate.manifest"
         All outputs are up-to-date.
       LinkEmbedManifest:
         All outputs are up-to-date.
         AMS downloader.vcxproj -> D:\My Projects\AMS downloader\Debug\AMS downloader.exe
       FinalizeBuildStatus:
         Deleting file "Debug\AMS downloader.unsuccessfulbuild".
         Touching "Debug\AMS downloader.lastbuildstate".
     1>Done Building Project "D:\My Projects\AMS downloader\AMS downloader\AMS downloader.vcxproj" (build target(s)).

Build succeeded.

Time Elapsed 00:00:02.40
